<?xml version="1.0" encoding="UTF-8"?>
<!-- Generated by org.testng.reporters.JUnitReportReporter -->
<testsuite hostname="DESKTOP-8NK93MI" failures="0" tests="1" name="com.BS4.Test.VerifyTest_loginPage" time="7.102" errors="0" timestamp="2021-12-26T12:43:57 GMT-05:00" skipped="0">
  <testcase classname="com.BS4.Test.VerifyTest_loginPage" name="verify" time="7.102"/>
  <system-out/>
</testsuite> <!-- com.BS4.Test.VerifyTest_loginPage -->
